d:\directxcodebase\dxcodebase\dxcodebase\x64\release\vc140.pdb
d:\directxcodebase\dxcodebase\dxcodebase\x64\release\systemclass.obj
d:\directxcodebase\dxcodebase\dxcodebase\x64\release\scene.obj
d:\directxcodebase\dxcodebase\dxcodebase\x64\release\modelclass.obj
d:\directxcodebase\dxcodebase\dxcodebase\x64\release\main.obj
d:\directxcodebase\dxcodebase\dxcodebase\x64\release\inputclass.obj
d:\directxcodebase\dxcodebase\dxcodebase\x64\release\graphicsclass.obj
d:\directxcodebase\dxcodebase\dxcodebase\x64\release\gameobject.obj
d:\directxcodebase\dxcodebase\dxcodebase\x64\release\game.obj
d:\directxcodebase\dxcodebase\dxcodebase\x64\release\d3dclass.obj
d:\directxcodebase\dxcodebase\dxcodebase\x64\release\colorshaderclass.obj
d:\directxcodebase\dxcodebase\dxcodebase\x64\release\cameraclass.obj
d:\directxcodebase\dxcodebase\x64\release\dxcodebase.exe
d:\directxcodebase\dxcodebase\x64\release\dxcodebase.ipdb
d:\directxcodebase\dxcodebase\x64\release\dxcodebase.iobj
d:\directxcodebase\dxcodebase\x64\release\dxcodebase.pdb
d:\directxcodebase\dxcodebase\dxcodebase\x64\release\dxcodebase.tlog\cl.command.1.tlog
d:\directxcodebase\dxcodebase\dxcodebase\x64\release\dxcodebase.tlog\cl.read.1.tlog
d:\directxcodebase\dxcodebase\dxcodebase\x64\release\dxcodebase.tlog\cl.write.1.tlog
d:\directxcodebase\dxcodebase\dxcodebase\x64\release\dxcodebase.tlog\link.command.1.tlog
d:\directxcodebase\dxcodebase\dxcodebase\x64\release\dxcodebase.tlog\link.read.1.tlog
d:\directxcodebase\dxcodebase\dxcodebase\x64\release\dxcodebase.tlog\link.write.1.tlog
